<?xml version="1.0" encoding="UTF-8"?>
<coverage generated="1732334786470" clover="3.2.0">
  <project timestamp="1732334786470" name="All files">
    <metrics statements="208" coveredstatements="41" conditionals="124" coveredconditionals="45" methods="79" coveredmethods="12" elements="411" coveredelements="98" complexity="0" loc="208" ncloc="208" packages="14" files="38" classes="38"/>
    <package name="app">
      <metrics statements="8" coveredstatements="0" conditionals="8" coveredconditionals="0" methods="2" coveredmethods="0"/>
      <file name="_layout.tsx" path="/Users/thierno/Documents/cadum/MenuM/app/_layout.tsx">
        <metrics statements="8" coveredstatements="0" conditionals="8" coveredconditionals="0" methods="2" coveredmethods="0"/>
        <line num="13" count="0" type="stmt"/>
        <line num="16" count="0" type="stmt"/>
        <line num="55" count="0" type="stmt"/>
        <line num="56" count="0" type="cond" truecount="0" falsecount="4"/>
        <line num="57" count="0" type="stmt"/>
        <line num="61" count="0" type="cond" truecount="0" falsecount="4"/>
        <line num="62" count="0" type="stmt"/>
        <line num="65" count="0" type="stmt"/>
      </file>
    </package>
    <package name="app.(auth)">
      <metrics statements="3" coveredstatements="0" conditionals="0" coveredconditionals="0" methods="3" coveredmethods="0"/>
      <file name="_layout.tsx" path="/Users/thierno/Documents/cadum/MenuM/app/(auth)/_layout.tsx">
        <metrics statements="1" coveredstatements="0" conditionals="0" coveredconditionals="0" methods="1" coveredmethods="0"/>
        <line num="8" count="0" type="stmt"/>
      </file>
      <file name="sign-in.tsx" path="/Users/thierno/Documents/cadum/MenuM/app/(auth)/sign-in.tsx">
        <metrics statements="1" coveredstatements="0" conditionals="0" coveredconditionals="0" methods="1" coveredmethods="0"/>
        <line num="6" count="0" type="stmt"/>
      </file>
      <file name="sign-up.tsx" path="/Users/thierno/Documents/cadum/MenuM/app/(auth)/sign-up.tsx">
        <metrics statements="1" coveredstatements="0" conditionals="0" coveredconditionals="0" methods="1" coveredmethods="0"/>
        <line num="6" count="0" type="stmt"/>
      </file>
    </package>
    <package name="app.(main)">
      <metrics statements="77" coveredstatements="0" conditionals="18" coveredconditionals="0" methods="29" coveredmethods="0"/>
      <file name="_layout.tsx" path="/Users/thierno/Documents/cadum/MenuM/app/(main)/_layout.tsx">
        <metrics statements="6" coveredstatements="0" conditionals="0" coveredconditionals="0" methods="6" coveredmethods="0"/>
        <line num="9" count="0" type="stmt"/>
        <line num="15" count="0" type="stmt"/>
        <line num="16" count="0" type="stmt"/>
        <line num="25" count="0" type="stmt"/>
        <line num="34" count="0" type="stmt"/>
        <line num="43" count="0" type="stmt"/>
      </file>
      <file name="favoris.tsx" path="/Users/thierno/Documents/cadum/MenuM/app/(main)/favoris.tsx">
        <metrics statements="1" coveredstatements="0" conditionals="0" coveredconditionals="0" methods="1" coveredmethods="0"/>
        <line num="6" count="0" type="stmt"/>
      </file>
      <file name="index.tsx" path="/Users/thierno/Documents/cadum/MenuM/app/(main)/index.tsx">
        <metrics statements="68" coveredstatements="0" conditionals="18" coveredconditionals="0" methods="20" coveredmethods="0"/>
        <line num="29" count="0" type="stmt"/>
        <line num="38" count="0" type="stmt"/>
        <line num="140" count="0" type="stmt"/>
        <line num="143" count="0" type="stmt"/>
        <line num="145" count="0" type="stmt"/>
        <line num="148" count="0" type="stmt"/>
        <line num="150" count="0" type="stmt"/>
        <line num="152" count="0" type="stmt"/>
        <line num="154" count="0" type="cond" truecount="0" falsecount="2"/>
        <line num="155" count="0" type="stmt"/>
        <line num="156" count="0" type="stmt"/>
        <line num="159" count="0" type="stmt"/>
        <line num="161" count="0" type="stmt"/>
        <line num="162" count="0" type="stmt"/>
        <line num="164" count="0" type="stmt"/>
        <line num="165" count="0" type="stmt"/>
        <line num="168" count="0" type="stmt"/>
        <line num="169" count="0" type="stmt"/>
        <line num="171" count="0" type="stmt"/>
        <line num="173" count="0" type="cond" truecount="0" falsecount="2"/>
        <line num="174" count="0" type="stmt"/>
        <line num="175" count="0" type="stmt"/>
        <line num="178" count="0" type="stmt"/>
        <line num="180" count="0" type="stmt"/>
        <line num="181" count="0" type="stmt"/>
        <line num="184" count="0" type="stmt"/>
        <line num="185" count="0" type="cond" truecount="0" falsecount="4"/>
        <line num="186" count="0" type="stmt"/>
        <line num="187" count="0" type="stmt"/>
        <line num="188" count="0" type="stmt"/>
        <line num="189" count="0" type="stmt"/>
        <line num="190" count="0" type="stmt"/>
        <line num="191" count="0" type="stmt"/>
        <line num="193" count="0" type="stmt"/>
        <line num="195" count="0" type="stmt"/>
        <line num="198" count="0" type="stmt"/>
        <line num="203" count="0" type="stmt"/>
        <line num="204" count="0" type="stmt"/>
        <line num="208" count="0" type="stmt"/>
        <line num="209" count="0" type="cond" truecount="0" falsecount="4"/>
        <line num="210" count="0" type="stmt"/>
        <line num="211" count="0" type="stmt"/>
        <line num="213" count="0" type="stmt"/>
        <line num="214" count="0" type="stmt"/>
        <line num="223" count="0" type="stmt"/>
        <line num="224" count="0" type="stmt"/>
        <line num="226" count="0" type="stmt"/>
        <line num="227" count="0" type="stmt"/>
        <line num="238" count="0" type="stmt"/>
        <line num="239" count="0" type="stmt"/>
        <line num="240" count="0" type="stmt"/>
        <line num="242" count="0" type="stmt"/>
        <line num="247" count="0" type="stmt"/>
        <line num="248" count="0" type="stmt"/>
        <line num="252" count="0" type="stmt"/>
        <line num="255" count="0" type="stmt"/>
        <line num="256" count="0" type="cond" truecount="0" falsecount="2"/>
        <line num="257" count="0" type="cond" truecount="0" falsecount="2"/>
        <line num="259" count="0" type="stmt"/>
        <line num="260" count="0" type="cond" truecount="0" falsecount="2"/>
        <line num="263" count="0" type="stmt"/>
        <line num="267" count="0" type="stmt"/>
        <line num="268" count="0" type="stmt"/>
        <line num="271" count="0" type="stmt"/>
        <line num="272" count="0" type="stmt"/>
        <line num="277" count="0" type="stmt"/>
        <line num="303" count="0" type="stmt"/>
        <line num="559" count="0" type="stmt"/>
      </file>
      <file name="pannier.tsx" path="/Users/thierno/Documents/cadum/MenuM/app/(main)/pannier.tsx">
        <metrics statements="1" coveredstatements="0" conditionals="0" coveredconditionals="0" methods="1" coveredmethods="0"/>
        <line num="6" count="0" type="stmt"/>
      </file>
      <file name="parametre.tsx" path="/Users/thierno/Documents/cadum/MenuM/app/(main)/parametre.tsx">
        <metrics statements="1" coveredstatements="0" conditionals="0" coveredconditionals="0" methods="1" coveredmethods="0"/>
        <line num="6" count="0" type="stmt"/>
      </file>
    </package>
    <package name="app.(main).cafe">
      <metrics statements="3" coveredstatements="0" conditionals="0" coveredconditionals="0" methods="2" coveredmethods="0"/>
      <file name="[id].tsx" path="/Users/thierno/Documents/cadum/MenuM/app/(main)/cafe/[id].tsx">
        <metrics statements="3" coveredstatements="0" conditionals="0" coveredconditionals="0" methods="2" coveredmethods="0"/>
        <line num="10" count="0" type="stmt"/>
        <line num="12" count="0" type="stmt"/>
        <line num="26" count="0" type="stmt"/>
      </file>
    </package>
    <package name="app.(main).cafe.article">
      <metrics statements="3" coveredstatements="0" conditionals="0" coveredconditionals="0" methods="1" coveredmethods="0"/>
      <file name="[articleId].tsx" path="/Users/thierno/Documents/cadum/MenuM/app/(main)/cafe/article/[articleId].tsx">
        <metrics statements="3" coveredstatements="0" conditionals="0" coveredconditionals="0" methods="1" coveredmethods="0"/>
        <line num="8" count="0" type="stmt"/>
        <line num="9" count="0" type="stmt"/>
        <line num="10" count="0" type="stmt"/>
      </file>
    </package>
    <package name="app.(onboarding)">
      <metrics statements="4" coveredstatements="0" conditionals="0" coveredconditionals="0" methods="4" coveredmethods="0"/>
      <file name="_layout.tsx" path="/Users/thierno/Documents/cadum/MenuM/app/(onboarding)/_layout.tsx">
        <metrics statements="1" coveredstatements="0" conditionals="0" coveredconditionals="0" methods="1" coveredmethods="0"/>
        <line num="8" count="0" type="stmt"/>
      </file>
      <file name="first-onboarding.tsx" path="/Users/thierno/Documents/cadum/MenuM/app/(onboarding)/first-onboarding.tsx">
        <metrics statements="1" coveredstatements="0" conditionals="0" coveredconditionals="0" methods="1" coveredmethods="0"/>
        <line num="7" count="0" type="stmt"/>
      </file>
      <file name="second-onboarding.tsx" path="/Users/thierno/Documents/cadum/MenuM/app/(onboarding)/second-onboarding.tsx">
        <metrics statements="1" coveredstatements="0" conditionals="0" coveredconditionals="0" methods="1" coveredmethods="0"/>
        <line num="7" count="0" type="stmt"/>
      </file>
      <file name="third-onboarding.tsx" path="/Users/thierno/Documents/cadum/MenuM/app/(onboarding)/third-onboarding.tsx">
        <metrics statements="1" coveredstatements="0" conditionals="0" coveredconditionals="0" methods="1" coveredmethods="0"/>
        <line num="6" count="0" type="stmt"/>
      </file>
    </package>
    <package name="components.common">
      <metrics statements="27" coveredstatements="16" conditionals="51" coveredconditionals="31" methods="14" coveredmethods="5"/>
      <file name="Divider.tsx" path="/Users/thierno/Documents/cadum/MenuM/components/common/Divider.tsx">
        <metrics statements="2" coveredstatements="0" conditionals="1" coveredconditionals="0" methods="1" coveredmethods="0"/>
        <line num="16" count="0" type="stmt"/>
        <line num="30" count="0" type="stmt"/>
      </file>
      <file name="OnboardingStatus.tsx" path="/Users/thierno/Documents/cadum/MenuM/components/common/OnboardingStatus.tsx">
        <metrics statements="1" coveredstatements="0" conditionals="0" coveredconditionals="0" methods="1" coveredmethods="0"/>
        <line num="34" count="0" type="stmt"/>
      </file>
      <file name="SelectLocalisation.tsx" path="/Users/thierno/Documents/cadum/MenuM/components/common/SelectLocalisation.tsx">
        <metrics statements="8" coveredstatements="7" conditionals="4" coveredconditionals="2" methods="5" coveredmethods="3"/>
        <line num="26" count="3" type="stmt"/>
        <line num="27" count="3" type="cond" truecount="1" falsecount="1"/>
        <line num="28" count="3" type="cond" truecount="1" falsecount="1"/>
        <line num="30" count="1" type="stmt"/>
        <line num="31" count="1" type="stmt"/>
        <line num="35" count="0" type="stmt"/>
        <line num="39" count="3" type="stmt"/>
        <line num="70" count="1" type="stmt"/>
      </file>
      <file name="Tooltip.tsx" path="/Users/thierno/Documents/cadum/MenuM/components/common/Tooltip.tsx">
        <metrics statements="16" coveredstatements="9" conditionals="46" coveredconditionals="29" methods="7" coveredmethods="2"/>
        <line num="98" count="10" type="stmt"/>
        <line num="100" count="10" type="stmt"/>
        <line num="101" count="10" type="cond" truecount="1" falsecount="1"/>
        <line num="102" count="10" type="cond" truecount="1" falsecount="1"/>
        <line num="105" count="0" type="stmt"/>
        <line num="106" count="0" type="stmt"/>
        <line num="107" count="0" type="cond" truecount="0" falsecount="2"/>
        <line num="111" count="0" type="stmt"/>
        <line num="112" count="0" type="stmt"/>
        <line num="116" count="1" type="cond" truecount="2" falsecount="0"/>
        <line num="118" count="1" type="cond" truecount="1" falsecount="1"/>
        <line num="119" count="0" type="stmt"/>
        <line num="132" count="1" type="cond" truecount="3" falsecount="1"/>
        <line num="134" count="10" type="stmt"/>
        <line num="232" count="0" type="stmt"/>
        <line num="250" count="1" type="stmt"/>
      </file>
    </package>
    <package name="components.common.Auth">
      <metrics statements="2" coveredstatements="2" conditionals="1" coveredconditionals="1" methods="1" coveredmethods="1"/>
      <file name="AccountInfo.tsx" path="/Users/thierno/Documents/cadum/MenuM/components/common/Auth/AccountInfo.tsx">
        <metrics statements="2" coveredstatements="2" conditionals="1" coveredconditionals="1" methods="1" coveredmethods="1"/>
        <line num="18" count="8" type="stmt"/>
        <line num="33" count="2" type="stmt"/>
      </file>
    </package>
    <package name="components.common.Buttons">
      <metrics statements="7" coveredstatements="4" conditionals="6" coveredconditionals="2" methods="4" coveredmethods="1"/>
      <file name="Button.tsx" path="/Users/thierno/Documents/cadum/MenuM/components/common/Buttons/Button.tsx">
        <metrics statements="2" coveredstatements="1" conditionals="2" coveredconditionals="0" methods="1" coveredmethods="0"/>
        <line num="15" count="0" type="stmt"/>
        <line num="22" count="1" type="stmt"/>
      </file>
      <file name="FilterButtons.tsx" path="/Users/thierno/Documents/cadum/MenuM/components/common/Buttons/FilterButtons.tsx">
        <metrics statements="2" coveredstatements="1" conditionals="2" coveredconditionals="0" methods="1" coveredmethods="0"/>
        <line num="21" count="0" type="stmt"/>
        <line num="33" count="1" type="stmt"/>
      </file>
      <file name="IconButton.tsx" path="/Users/thierno/Documents/cadum/MenuM/components/common/Buttons/IconButton.tsx">
        <metrics statements="2" coveredstatements="2" conditionals="2" coveredconditionals="2" methods="1" coveredmethods="1"/>
        <line num="20" count="7" type="stmt"/>
        <line num="38" count="2" type="stmt"/>
      </file>
      <file name="SocialButton.tsx" path="/Users/thierno/Documents/cadum/MenuM/components/common/Buttons/SocialButton.tsx">
        <metrics statements="1" coveredstatements="0" conditionals="0" coveredconditionals="0" methods="1" coveredmethods="0"/>
        <line num="30" count="0" type="stmt"/>
      </file>
    </package>
    <package name="components.common.Cards">
      <metrics statements="5" coveredstatements="4" conditionals="12" coveredconditionals="11" methods="3" coveredmethods="2"/>
      <file name="ArticleCard.tsx" path="/Users/thierno/Documents/cadum/MenuM/components/common/Cards/ArticleCard.tsx">
        <metrics statements="1" coveredstatements="0" conditionals="0" coveredconditionals="0" methods="1" coveredmethods="0"/>
        <line num="10" count="0" type="stmt"/>
      </file>
      <file name="CafeCard.tsx" path="/Users/thierno/Documents/cadum/MenuM/components/common/Cards/CafeCard.tsx">
        <metrics statements="4" coveredstatements="4" conditionals="12" coveredconditionals="11" methods="2" coveredmethods="2"/>
        <line num="35" count="1" type="stmt"/>
        <line num="82" count="10" type="stmt"/>
        <line num="84" count="1" type="stmt"/>
        <line num="149" count="1" type="stmt"/>
      </file>
    </package>
    <package name="components.common.Inputs">
      <metrics statements="2" coveredstatements="2" conditionals="1" coveredconditionals="0" methods="1" coveredmethods="1"/>
      <file name="Search.tsx" path="/Users/thierno/Documents/cadum/MenuM/components/common/Inputs/Search.tsx">
        <metrics statements="2" coveredstatements="2" conditionals="1" coveredconditionals="0" methods="1" coveredmethods="1"/>
        <line num="20" count="6" type="stmt"/>
        <line num="55" count="1" type="stmt"/>
      </file>
    </package>
    <package name="components.layouts">
      <metrics statements="30" coveredstatements="9" conditionals="25" coveredconditionals="0" methods="14" coveredmethods="2"/>
      <file name="CardScrollableLayout.tsx" path="/Users/thierno/Documents/cadum/MenuM/components/layouts/CardScrollableLayout.tsx">
        <metrics statements="2" coveredstatements="0" conditionals="18" coveredconditionals="0" methods="1" coveredmethods="0"/>
        <line num="96" count="0" type="stmt"/>
        <line num="170" count="0" type="stmt"/>
      </file>
      <file name="FilterModalLayout.tsx" path="/Users/thierno/Documents/cadum/MenuM/components/layouts/FilterModalLayout.tsx">
        <metrics statements="4" coveredstatements="1" conditionals="3" coveredconditionals="0" methods="3" coveredmethods="0"/>
        <line num="31" count="0" type="cond" truecount="0" falsecount="1"/>
        <line num="32" count="0" type="cond" truecount="0" falsecount="1"/>
        <line num="34" count="0" type="stmt"/>
        <line num="47" count="1" type="stmt"/>
      </file>
      <file name="GlobalModal.tsx" path="/Users/thierno/Documents/cadum/MenuM/components/layouts/GlobalModal.tsx">
        <metrics statements="16" coveredstatements="4" conditionals="0" coveredconditionals="0" methods="5" coveredmethods="1"/>
        <line num="20" count="2" type="stmt"/>
        <line num="22" count="13" type="stmt"/>
        <line num="24" count="2" type="stmt"/>
        <line num="29" count="0" type="stmt"/>
        <line num="30" count="0" type="stmt"/>
        <line num="31" count="0" type="stmt"/>
        <line num="33" count="0" type="stmt"/>
        <line num="34" count="0" type="stmt"/>
        <line num="35" count="0" type="stmt"/>
        <line num="36" count="0" type="stmt"/>
        <line num="43" count="0" type="stmt"/>
        <line num="44" count="0" type="stmt"/>
        <line num="49" count="0" type="stmt"/>
        <line num="50" count="0" type="stmt"/>
        <line num="54" count="0" type="stmt"/>
        <line num="72" count="2" type="stmt"/>
      </file>
      <file name="HeaderLayout.tsx" path="/Users/thierno/Documents/cadum/MenuM/components/layouts/HeaderLayout.tsx">
        <metrics statements="3" coveredstatements="3" conditionals="0" coveredconditionals="0" methods="1" coveredmethods="1"/>
        <line num="10" count="1" type="stmt"/>
        <line num="16" count="4" type="stmt"/>
        <line num="27" count="1" type="stmt"/>
      </file>
      <file name="InfoModalLayout.tsx" path="/Users/thierno/Documents/cadum/MenuM/components/layouts/InfoModalLayout.tsx">
        <metrics statements="3" coveredstatements="1" conditionals="3" coveredconditionals="0" methods="2" coveredmethods="0"/>
        <line num="20" count="0" type="cond" truecount="0" falsecount="1"/>
        <line num="22" count="0" type="stmt"/>
        <line num="32" count="1" type="stmt"/>
      </file>
      <file name="OnboardingLayout.tsx" path="/Users/thierno/Documents/cadum/MenuM/components/layouts/OnboardingLayout.tsx">
        <metrics statements="1" coveredstatements="0" conditionals="0" coveredconditionals="0" methods="1" coveredmethods="0"/>
        <line num="32" count="0" type="stmt"/>
      </file>
      <file name="ScrollableLayout.tsx" path="/Users/thierno/Documents/cadum/MenuM/components/layouts/ScrollableLayout.tsx">
        <metrics statements="1" coveredstatements="0" conditionals="1" coveredconditionals="0" methods="1" coveredmethods="0"/>
        <line num="17" count="0" type="stmt"/>
      </file>
    </package>
    <package name="constants">
      <metrics statements="4" coveredstatements="4" conditionals="0" coveredconditionals="0" methods="0" coveredmethods="0"/>
      <file name="Colors.ts" path="/Users/thierno/Documents/cadum/MenuM/constants/Colors.ts">
        <metrics statements="1" coveredstatements="1" conditionals="0" coveredconditionals="0" methods="0" coveredmethods="0"/>
        <line num="1" count="7" type="stmt"/>
      </file>
      <file name="Spacing.ts" path="/Users/thierno/Documents/cadum/MenuM/constants/Spacing.ts">
        <metrics statements="1" coveredstatements="1" conditionals="0" coveredconditionals="0" methods="0" coveredmethods="0"/>
        <line num="30" count="7" type="stmt"/>
      </file>
      <file name="Typography.ts" path="/Users/thierno/Documents/cadum/MenuM/constants/Typography.ts">
        <metrics statements="2" coveredstatements="2" conditionals="0" coveredconditionals="0" methods="0" coveredmethods="0"/>
        <line num="3" count="6" type="stmt"/>
        <line num="77" count="6" type="stmt"/>
      </file>
    </package>
    <package name="scripts">
      <metrics statements="33" coveredstatements="0" conditionals="2" coveredconditionals="0" methods="1" coveredmethods="0"/>
      <file name="reset-project.js" path="/Users/thierno/Documents/cadum/MenuM/scripts/reset-project.js">
        <metrics statements="33" coveredstatements="0" conditionals="2" coveredconditionals="0" methods="1" coveredmethods="0"/>
        <line num="9" count="0" type="stmt"/>
        <line num="10" count="0" type="stmt"/>
        <line num="12" count="0" type="stmt"/>
        <line num="13" count="0" type="stmt"/>
        <line num="14" count="0" type="stmt"/>
        <line num="15" count="0" type="stmt"/>
        <line num="16" count="0" type="stmt"/>
        <line num="18" count="0" type="stmt"/>
        <line num="35" count="0" type="stmt"/>
        <line num="42" count="0" type="stmt"/>
        <line num="43" count="0" type="stmt"/>
        <line num="45" count="0" type="stmt"/>
        <line num="46" count="0" type="stmt"/>
        <line num="49" count="0" type="stmt"/>
        <line num="50" count="0" type="stmt"/>
        <line num="51" count="0" type="stmt"/>
        <line num="52" count="0" type="cond" truecount="0" falsecount="2"/>
        <line num="53" count="0" type="stmt"/>
        <line num="54" count="0" type="stmt"/>
        <line num="56" count="0" type="stmt"/>
        <line num="61" count="0" type="stmt"/>
        <line num="62" count="0" type="stmt"/>
        <line num="63" count="0" type="stmt"/>
        <line num="66" count="0" type="stmt"/>
        <line num="67" count="0" type="stmt"/>
        <line num="68" count="0" type="stmt"/>
        <line num="71" count="0" type="stmt"/>
        <line num="72" count="0" type="stmt"/>
        <line num="73" count="0" type="stmt"/>
        <line num="75" count="0" type="stmt"/>
        <line num="76" count="0" type="stmt"/>
        <line num="80" count="0" type="stmt"/>
        <line num="84" count="0" type="stmt"/>
      </file>
    </package>
  </project>
</coverage>
