TN:
SF:app/_layout.tsx
FN:15,RootLayout
FN:55,(anonymous_1)
FNF:2
FNH:0
FNDA:0,RootLayout
FNDA:0,(anonymous_1)
DA:13,0
DA:16,0
DA:55,0
DA:56,0
DA:57,0
DA:61,0
DA:62,0
DA:65,0
LF:8
LH:0
BRDA:56,0,0,0
BRDA:56,0,1,0
BRDA:56,1,0,0
BRDA:56,1,1,0
BRDA:61,2,0,0
BRDA:61,2,1,0
BRDA:61,3,0,0
BRDA:61,3,1,0
BRF:8
BRH:0
end_of_record
TN:
SF:app/(auth)/_layout.tsx
FN:7,OnboardingLayout
FNF:1
FNH:0
FNDA:0,OnboardingLayout
DA:8,0
LF:1
LH:0
BRF:0
BRH:0
end_of_record
TN:
SF:app/(auth)/sign-in.tsx
FN:5,SignInScreen
FNF:1
FNH:0
FNDA:0,SignInScreen
DA:6,0
LF:1
LH:0
BRF:0
BRH:0
end_of_record
TN:
SF:app/(auth)/sign-up.tsx
FN:5,SignUpScreen
FNF:1
FNH:0
FNDA:0,SignUpScreen
DA:6,0
LF:1
LH:0
BRF:0
BRH:0
end_of_record
TN:
SF:app/(main)/_layout.tsx
FN:8,TabLayout
FN:15,(anonymous_1)
FN:16,(anonymous_2)
FN:25,(anonymous_3)
FN:34,(anonymous_4)
FN:43,(anonymous_5)
FNF:6
FNH:0
FNDA:0,TabLayout
FNDA:0,(anonymous_1)
FNDA:0,(anonymous_2)
FNDA:0,(anonymous_3)
FNDA:0,(anonymous_4)
FNDA:0,(anonymous_5)
DA:9,0
DA:15,0
DA:16,0
DA:25,0
DA:34,0
DA:43,0
LF:6
LH:0
BRF:0
BRH:0
end_of_record
TN:
SF:app/(main)/favoris.tsx
FN:5,FavorisScreen
FNF:1
FNH:0
FNDA:0,FavorisScreen
DA:6,0
LF:1
LH:0
BRF:0
BRH:0
end_of_record
TN:
SF:app/(main)/index.tsx
FN:28,HomeScreen
FN:150,(anonymous_1)
FN:151,getCurrentLocation
FN:168,(anonymous_3)
FN:170,getCurrentLocation
FN:184,(anonymous_5)
FN:203,(anonymous_6)
FN:208,(anonymous_7)
FN:214,(anonymous_8)
FN:223,(anonymous_9)
FN:224,(anonymous_10)
FN:232,getDistanceFromLatLonInKm
FN:251,deg2rad
FN:256,(anonymous_13)
FN:257,(anonymous_14)
FN:262,handleSearch
FN:266,handleFilter
FN:271,(anonymous_17)
FN:272,(anonymous_18)
FN:303,(anonymous_19)
FNF:20
FNH:0
FNDA:0,HomeScreen
FNDA:0,(anonymous_1)
FNDA:0,getCurrentLocation
FNDA:0,(anonymous_3)
FNDA:0,getCurrentLocation
FNDA:0,(anonymous_5)
FNDA:0,(anonymous_6)
FNDA:0,(anonymous_7)
FNDA:0,(anonymous_8)
FNDA:0,(anonymous_9)
FNDA:0,(anonymous_10)
FNDA:0,getDistanceFromLatLonInKm
FNDA:0,deg2rad
FNDA:0,(anonymous_13)
FNDA:0,(anonymous_14)
FNDA:0,handleSearch
FNDA:0,handleFilter
FNDA:0,(anonymous_17)
FNDA:0,(anonymous_18)
FNDA:0,(anonymous_19)
DA:29,0
DA:38,0
DA:140,0
DA:143,0
DA:145,0
DA:148,0
DA:150,0
DA:152,0
DA:154,0
DA:155,0
DA:156,0
DA:159,0
DA:161,0
DA:162,0
DA:164,0
DA:165,0
DA:168,0
DA:169,0
DA:171,0
DA:173,0
DA:174,0
DA:175,0
DA:178,0
DA:180,0
DA:181,0
DA:184,0
DA:185,0
DA:186,0
DA:187,0
DA:188,0
DA:189,0
DA:190,0
DA:191,0
DA:193,0
DA:195,0
DA:198,0
DA:203,0
DA:204,0
DA:208,0
DA:209,0
DA:210,0
DA:211,0
DA:213,0
DA:214,0
DA:223,0
DA:224,0
DA:226,0
DA:227,0
DA:238,0
DA:239,0
DA:240,0
DA:242,0
DA:247,0
DA:248,0
DA:252,0
DA:255,0
DA:256,0
DA:257,0
DA:259,0
DA:260,0
DA:263,0
DA:267,0
DA:268,0
DA:271,0
DA:272,0
DA:277,0
DA:303,0
DA:559,0
LF:68
LH:0
BRDA:154,0,0,0
BRDA:154,0,1,0
BRDA:173,1,0,0
BRDA:173,1,1,0
BRDA:185,2,0,0
BRDA:185,2,1,0
BRDA:185,3,0,0
BRDA:185,3,1,0
BRDA:209,4,0,0
BRDA:209,4,1,0
BRDA:209,5,0,0
BRDA:209,5,1,0
BRDA:256,6,0,0
BRDA:256,6,1,0
BRDA:257,7,0,0
BRDA:257,7,1,0
BRDA:260,8,0,0
BRDA:260,8,1,0
BRF:18
BRH:0
end_of_record
TN:
SF:app/(main)/pannier.tsx
FN:5,PannierScreen
FNF:1
FNH:0
FNDA:0,PannierScreen
DA:6,0
LF:1
LH:0
BRF:0
BRH:0
end_of_record
TN:
SF:app/(main)/parametre.tsx
FN:5,ParametreScreen
FNF:1
FNH:0
FNDA:0,ParametreScreen
DA:6,0
LF:1
LH:0
BRF:0
BRH:0
end_of_record
TN:
SF:app/(main)/cafe/[id].tsx
FN:9,CafeScreen
FN:26,(anonymous_1)
FNF:2
FNH:0
FNDA:0,CafeScreen
FNDA:0,(anonymous_1)
DA:10,0
DA:12,0
DA:26,0
LF:3
LH:0
BRF:0
BRH:0
end_of_record
TN:
SF:app/(main)/cafe/article/[articleId].tsx
FN:7,ArticleScreen
FNF:1
FNH:0
FNDA:0,ArticleScreen
DA:8,0
DA:9,0
DA:10,0
LF:3
LH:0
BRF:0
BRH:0
end_of_record
TN:
SF:app/(onboarding)/_layout.tsx
FN:7,OnboardingLayout
FNF:1
FNH:0
FNDA:0,OnboardingLayout
DA:8,0
LF:1
LH:0
BRF:0
BRH:0
end_of_record
TN:
SF:app/(onboarding)/first-onboarding.tsx
FN:6,FirstOnboardingScreen
FNF:1
FNH:0
FNDA:0,FirstOnboardingScreen
DA:7,0
LF:1
LH:0
BRF:0
BRH:0
end_of_record
TN:
SF:app/(onboarding)/second-onboarding.tsx
FN:6,SecondOnboardingScreen
FNF:1
FNH:0
FNDA:0,SecondOnboardingScreen
DA:7,0
LF:1
LH:0
BRF:0
BRH:0
end_of_record
TN:
SF:app/(onboarding)/third-onboarding.tsx
FN:5,ThirdOnboardingScreen
FNF:1
FNH:0
FNDA:0,ThirdOnboardingScreen
DA:6,0
LF:1
LH:0
BRF:0
BRH:0
end_of_record
TN:
SF:components/common/Divider.tsx
FN:11,Divider
FNF:1
FNH:0
FNDA:0,Divider
DA:16,0
DA:30,0
LF:2
LH:0
BRDA:14,0,0,0
BRF:1
BRH:0
end_of_record
TN:
SF:components/common/OnboardingStatus.tsx
FN:33,OnboardingStatusBar
FNF:1
FNH:0
FNDA:0,OnboardingStatusBar
DA:34,0
LF:1
LH:0
BRF:0
BRH:0
end_of_record
TN:
SF:components/common/SelectLocalisation.tsx
FN:22,SelectLocalisation
FN:27,(anonymous_1)
FN:28,(anonymous_2)
FN:29,handlePress
FN:35,(anonymous_4)
FNF:5
FNH:3
FNDA:3,SelectLocalisation
FNDA:1,(anonymous_1)
FNDA:0,(anonymous_2)
FNDA:1,handlePress
FNDA:0,(anonymous_4)
DA:26,3
DA:27,3
DA:28,3
DA:30,1
DA:31,1
DA:35,0
DA:39,3
DA:70,1
LF:8
LH:7
BRDA:27,0,0,0
BRDA:27,0,1,3
BRDA:28,1,0,0
BRDA:28,1,1,3
BRF:4
BRH:2
end_of_record
TN:
SF:components/common/Tooltip.tsx
FN:89,Tooltip
FN:101,(anonymous_1)
FN:102,(anonymous_2)
FN:104,handleApplyFilter
FN:110,handleResetFilter
FN:115,handlePress
FN:225,InfoModalLayout
FNF:7
FNH:2
FNDA:10,Tooltip
FNDA:0,(anonymous_1)
FNDA:0,(anonymous_2)
FNDA:0,handleApplyFilter
FNDA:0,handleResetFilter
FNDA:1,handlePress
FNDA:0,InfoModalLayout
DA:98,10
DA:100,10
DA:101,10
DA:102,10
DA:105,0
DA:106,0
DA:107,0
DA:111,0
DA:112,0
DA:116,1
DA:118,1
DA:119,0
DA:132,1
DA:134,10
DA:232,0
DA:250,1
LF:16
LH:9
BRDA:93,0,0,9
BRDA:93,1,0,9
BRDA:93,1,1,3
BRDA:94,2,0,7
BRDA:95,3,0,10
BRDA:101,4,0,0
BRDA:101,4,1,10
BRDA:102,5,0,0
BRDA:102,5,1,10
BRDA:107,6,0,0
BRDA:107,6,1,0
BRDA:116,7,0,1
BRDA:116,7,1,1
BRDA:118,8,0,0
BRDA:118,8,1,1
BRDA:132,9,0,1
BRDA:132,9,1,0
BRDA:132,10,0,1
BRDA:132,10,1,1
BRDA:139,11,0,0
BRDA:139,11,1,10
BRDA:140,12,0,0
BRDA:140,12,1,0
BRDA:149,13,0,10
BRDA:149,13,1,4
BRDA:151,14,0,1
BRDA:151,14,1,3
BRDA:160,15,0,1
BRDA:160,15,1,2
BRDA:169,16,0,1
BRDA:169,16,1,1
BRDA:184,17,0,0
BRDA:184,17,1,1
BRDA:185,18,0,0
BRDA:185,18,1,0
BRDA:200,19,0,0
BRDA:200,19,1,10
BRDA:201,20,0,0
BRDA:201,20,1,0
BRDA:205,21,0,10
BRDA:205,21,1,3
BRDA:212,22,0,10
BRDA:212,22,1,7
BRDA:217,23,0,0
BRDA:217,23,1,7
BRDA:227,24,0,0
BRF:46
BRH:29
end_of_record
TN:
SF:components/common/Auth/AccountInfo.tsx
FN:13,AccountInfo
FNF:1
FNH:1
FNDA:8,AccountInfo
DA:18,8
DA:33,2
LF:2
LH:2
BRDA:14,0,0,4
BRF:1
BRH:1
end_of_record
TN:
SF:components/common/Buttons/Button.tsx
FN:14,Button
FNF:1
FNH:0
FNDA:0,Button
DA:15,0
DA:22,1
LF:2
LH:1
BRDA:16,0,0,0
BRDA:16,0,1,0
BRF:2
BRH:0
end_of_record
TN:
SF:components/common/Buttons/FilterButtons.tsx
FN:15,FilterButtons
FNF:1
FNH:0
FNDA:0,FilterButtons
DA:21,0
DA:33,1
LF:2
LH:1
BRDA:16,0,0,0
BRDA:17,1,0,0
BRF:2
BRH:0
end_of_record
TN:
SF:components/common/Buttons/IconButton.tsx
FN:14,IconButton
FNF:1
FNH:1
FNDA:7,IconButton
DA:20,7
DA:38,2
LF:2
LH:2
BRDA:16,0,0,4
BRDA:18,1,0,4
BRF:2
BRH:2
end_of_record
TN:
SF:components/common/Buttons/SocialButton.tsx
FN:29,SocialButton
FNF:1
FNH:0
FNDA:0,SocialButton
DA:30,0
LF:1
LH:0
BRF:0
BRH:0
end_of_record
TN:
SF:components/common/Cards/ArticleCard.tsx
FN:9,ArticleCard
FNF:1
FNH:0
FNDA:0,ArticleCard
DA:10,0
LF:1
LH:0
BRF:0
BRH:0
end_of_record
TN:
SF:components/common/Cards/CafeCard.tsx
FN:72,CafeCard
FN:84,(anonymous_1)
FNF:2
FNH:2
FNDA:10,CafeCard
FNDA:1,(anonymous_1)
DA:35,1
DA:82,10
DA:84,1
DA:149,1
LF:4
LH:4
BRDA:79,0,0,7
BRDA:80,1,0,0
BRDA:90,2,0,1
BRDA:90,2,1,9
BRDA:116,3,0,8
BRDA:116,3,1,2
BRDA:118,4,0,1
BRDA:118,4,1,1
BRDA:123,5,0,8
BRDA:123,5,1,2
BRDA:125,6,0,1
BRDA:125,6,1,1
BRF:12
BRH:11
end_of_record
TN:
SF:components/common/Inputs/Search.tsx
FN:15,SearchBar
FNF:1
FNH:1
FNDA:6,SearchBar
DA:20,6
DA:55,1
LF:2
LH:2
BRDA:16,0,0,0
BRF:1
BRH:0
end_of_record
TN:
SF:components/layouts/CardScrollableLayout.tsx
FN:82,CardScrollableLayout
FNF:1
FNH:0
FNDA:0,CardScrollableLayout
DA:96,0
DA:170,0
LF:2
LH:0
BRDA:85,0,0,0
BRDA:86,1,0,0
BRDA:87,2,0,0
BRDA:88,3,0,0
BRDA:89,4,0,0
BRDA:90,5,0,0
BRDA:91,6,0,0
BRDA:92,7,0,0
BRDA:93,8,0,0
BRDA:94,9,0,0
BRDA:99,10,0,0
BRDA:99,10,1,0
BRDA:115,11,0,0
BRDA:115,11,1,0
BRDA:128,12,0,0
BRDA:128,12,1,0
BRDA:160,13,0,0
BRDA:160,13,1,0
BRF:18
BRH:0
end_of_record
TN:
SF:components/layouts/FilterModalLayout.tsx
FN:16,InfoModalLayout
FN:31,(anonymous_1)
FN:32,(anonymous_2)
FNF:3
FNH:0
FNDA:0,InfoModalLayout
FNDA:0,(anonymous_1)
FNDA:0,(anonymous_2)
DA:31,0
DA:32,0
DA:34,0
DA:47,1
LF:4
LH:1
BRDA:18,0,0,0
BRDA:31,1,0,0
BRDA:32,2,0,0
BRF:3
BRH:0
end_of_record
TN:
SF:components/layouts/GlobalModal.tsx
FN:22,(anonymous_0)
FN:24,(anonymous_1)
FN:33,(anonymous_2)
FN:43,(anonymous_3)
FN:48,(anonymous_4)
FNF:5
FNH:1
FNDA:13,(anonymous_0)
FNDA:0,(anonymous_1)
FNDA:0,(anonymous_2)
FNDA:0,(anonymous_3)
FNDA:0,(anonymous_4)
DA:20,2
DA:22,13
DA:24,2
DA:29,0
DA:30,0
DA:31,0
DA:33,0
DA:34,0
DA:35,0
DA:36,0
DA:43,0
DA:44,0
DA:49,0
DA:50,0
DA:54,0
DA:72,2
LF:16
LH:4
BRF:0
BRH:0
end_of_record
TN:
SF:components/layouts/HeaderLayout.tsx
FN:15,HeaderLayout
FNF:1
FNH:1
FNDA:4,HeaderLayout
DA:10,1
DA:16,4
DA:27,1
LF:3
LH:3
BRF:0
BRH:0
end_of_record
TN:
SF:components/layouts/InfoModalLayout.tsx
FN:16,InfoModalLayout
FN:20,(anonymous_1)
FNF:2
FNH:0
FNDA:0,InfoModalLayout
FNDA:0,(anonymous_1)
DA:20,0
DA:22,0
DA:32,1
LF:3
LH:1
BRDA:18,0,0,0
BRDA:19,1,0,0
BRDA:20,2,0,0
BRF:3
BRH:0
end_of_record
TN:
SF:components/layouts/OnboardingLayout.tsx
FN:27,OnboardingLayout
FNF:1
FNH:0
FNDA:0,OnboardingLayout
DA:32,0
LF:1
LH:0
BRF:0
BRH:0
end_of_record
TN:
SF:components/layouts/ScrollableLayout.tsx
FN:12,ScrollableLayout
FNF:1
FNH:0
FNDA:0,ScrollableLayout
DA:17,0
LF:1
LH:0
BRDA:14,0,0,0
BRF:1
BRH:0
end_of_record
TN:
SF:constants/Colors.ts
FNF:0
FNH:0
DA:1,7
LF:1
LH:1
BRF:0
BRH:0
end_of_record
TN:
SF:constants/Spacing.ts
FNF:0
FNH:0
DA:30,7
LF:1
LH:1
BRF:0
BRH:0
end_of_record
TN:
SF:constants/Typography.ts
FNF:0
FNH:0
DA:3,6
DA:77,6
LF:2
LH:2
BRF:0
BRH:0
end_of_record
TN:
SF:scripts/reset-project.js
FN:42,(anonymous_0)
FNF:1
FNH:0
FNDA:0,(anonymous_0)
DA:9,0
DA:10,0
DA:12,0
DA:13,0
DA:14,0
DA:15,0
DA:16,0
DA:18,0
DA:35,0
DA:42,0
DA:43,0
DA:45,0
DA:46,0
DA:49,0
DA:50,0
DA:51,0
DA:52,0
DA:53,0
DA:54,0
DA:56,0
DA:61,0
DA:62,0
DA:63,0
DA:66,0
DA:67,0
DA:68,0
DA:71,0
DA:72,0
DA:73,0
DA:75,0
DA:76,0
DA:80,0
DA:84,0
LF:33
LH:0
BRDA:52,0,0,0
BRDA:52,0,1,0
BRF:2
BRH:0
end_of_record
